#-----------------------------------------------------------
# Vivado v2021.1.1 (64-bit)
# SW Build 3286242 on Wed Jul 28 13:09:46 MDT 2021
# IP Build 3279568 on Wed Jul 28 16:48:48 MDT 2021
# Start of session at: Wed Nov  3 15:23:49 2021
# Process ID: 27192
# Current directory: /home/ko/Desktop/elec3342/mcdecoder
# Command line: vivado /home/ko/Desktop/elec3342/mcdecoder/mcdecoder.xpr
# Log file: /home/ko/Desktop/elec3342/mcdecoder/vivado.log
# Journal file: /home/ko/Desktop/elec3342/mcdecoder/vivado.jou
#-----------------------------------------------------------
start_gui
open_project /home/ko/Desktop/elec3342/mcdecoder/mcdecoder.xpr
WARNING: [filemgmt 56-3] Default IP Output Path : Could not find the directory '/home/ko/Desktop/elec3342/mcdecoder/mcdecoder.gen/sources_1'.
Scanning sources...
Finished scanning sources
INFO: [IP_Flow 19-234] Refreshing IP repositories
INFO: [IP_Flow 19-1704] No user IP repositories specified
INFO: [IP_Flow 19-2313] Loaded Vivado IP repository '/tools/Xilinx/Vivado/2021.1/data/ip'.
INFO: [IP_Flow 19-3899] Cannot get the environment domain name variable for the component vendor name. Setting the vendor name to 'user.org'.
update_compile_order -fileset sources_1
