Vivado Simulator v2021.1.1
Copyright 1986-1999, 2001-2021 Xilinx, Inc. All Rights Reserved.
Running: /tools/Xilinx/Vivado/2021.1/bin/unwrapped/lnx64.o/xelab -wto 69457726296b4ea2bb78d484392f4c3b --incr --debug typical --relax --mt 8 -L xil_defaultlib -L fifo_generator_v13_2_5 -L unisims_ver -L unimacro_ver -L secureip -L xpm --snapshot tb_fifo_behav xil_defaultlib.tb_fifo xil_defaultlib.glbl -log elaborate.log 
Using 8 slave threads.
Starting static elaboration
Pass Through NonSizing Optimizer
Completed static elaboration
Starting simulation data flow analysis
Completed simulation data flow analysis
Time Resolution for simulation is 1ps
Compiling package std.standard
Compiling package std.textio
Compiling package ieee.std_logic_1164
Compiling package ieee.std_logic_arith
Compiling package ieee.std_logic_unsigned
Compiling package vl.vl_types
Compiling module xil_defaultlib.glbl
Compiling architecture behavioral of entity xil_defaultlib.mcdecoder [mcdecoder_default]
Compiling architecture behavioral of entity xil_defaultlib.uart_tx [uart_tx_default]
Compiling module fifo_generator_v13_2_5.fifo_generator_v13_2_5_bhv_ver_s...
Compiling module fifo_generator_v13_2_5.fifo_generator_v13_2_5_CONV_VER(...
Compiling module fifo_generator_v13_2_5.fifo_generator_vlog_beh(C_COMMON...
Compiling module xil_defaultlib.fifo_generator_0
Compiling architecture behavioral of entity xil_defaultlib.fifo_top [fifo_top_default]
Compiling architecture behavioral of entity xil_defaultlib.tb_fifo
Built simulation snapshot tb_fifo_behav
